<?xml version="1.0" encoding="UTF-8"?>
<!-- Generated by org.testng.reporters.JUnitReportReporter -->
<testsuite hostname="DESKTOP-0P7RLK5" name="com.java.program.Sort" tests="1" failures="0" timestamp="1 Sep 2020 10:02:48 GMT" time="0.014" errors="0">
  <testcase name="Sortingorder" time="0.014" classname="com.java.program.Sort"/>
</testsuite> <!-- com.java.program.Sort -->
