<?xml version="1.0" encoding="UTF-8"?>
<!-- Generated by org.testng.reporters.JUnitReportReporter -->
<testsuite hostname="DESKTOP-0P7RLK5" name="com.java.program.All" tests="6" failures="0" timestamp="1 Sep 2020 10:02:48 GMT" time="0.048" errors="0">
  <testcase name="prime" time="0.005" classname="com.java.program.All"/>
  <testcase name="Factorail" time="0.004" classname="com.java.program.All"/>
  <testcase name="Concate" time="0.030" classname="com.java.program.All"/>
  <testcase name="GetString" time="0.002" classname="com.java.program.All"/>
  <testcase name="Palindron" time="0.003" classname="com.java.program.All"/>
  <testcase name="Reverse" time="0.004" classname="com.java.program.All"/>
</testsuite> <!-- com.java.program.All -->
