<?xml version="1.0" encoding="UTF-8"?>
<!-- Generated by org.testng.reporters.JUnitReportReporter -->
<testsuite hostname="DESKTOP-0P7RLK5" name="com.Jankins.Maven1st" tests="1" failures="0" timestamp="13 Aug 2020 18:50:48 GMT" time="27.177" errors="0">
  <testcase name="Double" time="27.177" classname="com.Jankins.Maven1st"/>
</testsuite> <!-- com.Jankins.Maven1st -->
