<?xml version="1.0" encoding="UTF-8"?>
<!-- Generated by org.testng.reporters.JUnitReportReporter -->
<testsuite hostname="DESKTOP-0P7RLK5" name="com.java.program.StringD" tests="1" failures="0" timestamp="1 Sep 2020 09:55:20 GMT" time="0.023" errors="0">
  <testcase name="String" time="0.023" classname="com.java.program.StringD"/>
</testsuite> <!-- com.java.program.StringD -->
