<?xml version="1.0" encoding="UTF-8"?>
<!-- Generated by org.testng.reporters.JUnitReportReporter -->
<testsuite hostname="DESKTOP-0P7RLK5" name="com.java.program.Stringsplit" tests="1" failures="0" timestamp="1 Sep 2020 10:02:48 GMT" time="0.003" errors="0">
  <testcase name="Add" time="0.003" classname="com.java.program.Stringsplit"/>
</testsuite> <!-- com.java.program.Stringsplit -->
