<?xml version="1.0" encoding="UTF-8"?>
<!-- Generated by org.testng.reporters.JUnitReportReporter -->
<testsuite hostname="DESKTOP-0P7RLK5" name="com.java.program.Dublicatevalue" tests="1" failures="0" timestamp="1 Sep 2020 09:50:11 GMT" time="0.021" errors="0">
  <testcase name="value" time="0.021" classname="com.java.program.Dublicatevalue"/>
</testsuite> <!-- com.java.program.Dublicatevalue -->
