<?xml version="1.0" encoding="UTF-8"?>
<!-- Generated by org.testng.reporters.JUnitReportReporter -->
<testsuite hostname="DESKTOP-0P7RLK5" name="com.java.program.Dublicatecount" tests="1" failures="0" timestamp="1 Sep 2020 10:02:48 GMT" time="0.007" errors="0">
  <testcase name="minh" time="0.007" classname="com.java.program.Dublicatecount"/>
</testsuite> <!-- com.java.program.Dublicatecount -->
