<?xml version="1.0" encoding="UTF-8"?>
<!-- Generated by org.testng.reporters.JUnitReportReporter -->
<testsuite hostname="DESKTOP-0P7RLK5" name="com.java.program.AllString" tests="4" failures="0" timestamp="1 Sep 2020 10:02:48 GMT" time="0.013" errors="0">
  <testcase name="SpecialCharacter" time="0.005" classname="com.java.program.AllString"/>
  <testcase name="substring" time="0.002" classname="com.java.program.AllString"/>
  <testcase name="Stringvalue" time="0.003" classname="com.java.program.AllString"/>
  <testcase name="Hashset" time="0.003" classname="com.java.program.AllString"/>
</testsuite> <!-- com.java.program.AllString -->
